========================================================================================
Report      : INFO
Date        : 2019-11-05T14:07:27+1030
Description : ---------------------------------------------------------------
              -- The service is using the following configuration settings --
              ---------------------------------------------------------------
              Domain (id)          : ospl_sp_ddsi (0)
              Storage              : 0 Kbytes
              Storage threshold    : 1024 Kbytes
              Storage address      : Not available
              Locking              : default
              Memory mode          : Heap memory
              Builtin topics       : true
              Priority inheritance : false
              SystemId             : 559406424 from [1,2147483647]
Node        : DESKTOP-GKKAK62
Process     : java.exe <17920>
Thread      : spliced 7032
Internals   : 6.9.181127OSS/42c7cafa/42c7cafa/The OpenSplice domain service/u_domain.c/785/0/1572925047.186033500/0
========================================================================================
Report      : INFO
Date        : 2019-11-05T14:07:27+1030
Description : Service cmsoap disabled
Node        : DESKTOP-GKKAK62
Process     : java.exe <17920>
Thread      : spliced 7032
Internals   : 6.9.181127OSS/42c7cafa/42c7cafa/OpenSplice domain service/sr_componentInfo.c/446/0/1572925047.187405400/0
========================================================================================
Report      : INFO
Date        : 2019-11-05T14:07:27+1030
Description : ++++++++++++++++++++++++++++++++++++++++++++++++
              ++ The service 'splicedaemon' is now operational. 
              ++++++++++++++++++++++++++++++++++++++++++++++++
Node        : DESKTOP-GKKAK62
Process     : java.exe <17920>
Thread      : spliced 7032
Internals   : 6.9.181127OSS/42c7cafa/42c7cafa/v_serviceChangeState/v_service.c/266/0/1572925047.189337800/0
========================================================================================
Report      : INFO
Date        : 2019-11-05T14:07:27+1030
Description : ++++++++++++++++++++++++++++++++++++++++++++++++
              ++ The service 'ddsi2' is now operational. 
              ++++++++++++++++++++++++++++++++++++++++++++++++
Node        : DESKTOP-GKKAK62
Process     : java.exe <17920>
Thread      : ddsi2 17172
Internals   : 6.9.181127OSS/42c7cafa/42c7cafa/v_serviceChangeState/v_service.c/266/0/1572925047.217955000/0
========================================================================================
Report      : INFO
Date        : 2019-11-05T14:07:27+1030
Description : The durability service can be identified by ID: 559406424
Node        : DESKTOP-GKKAK62
Process     : java.exe <17920>
Thread      : durability 16268
Internals   : 6.9.181127OSS/42c7cafa/42c7cafa/DurabilityService/d_durability.c/554/0/1572925047.528028100/0
========================================================================================
Report      : INFO
Date        : 2019-11-05T14:21:21+1030
Description : ---------------------------------------------------------------
              -- The service is using the following configuration settings --
              ---------------------------------------------------------------
              Domain (id)          : ospl_sp_ddsi (0)
              Storage              : 0 Kbytes
              Storage threshold    : 1024 Kbytes
              Storage address      : Not available
              Locking              : default
              Memory mode          : Heap memory
              Builtin topics       : true
              Priority inheritance : false
              SystemId             : 918931119 from [1,2147483647]
Node        : DESKTOP-GKKAK62
Process     : java.exe <15168>
Thread      : spliced 10080
Internals   : 6.9.181127OSS/42c7cafa/42c7cafa/The OpenSplice domain service/u_domain.c/785/0/1572925881.592874400/0
========================================================================================
Report      : INFO
Date        : 2019-11-05T14:21:21+1030
Description : Service cmsoap disabled
Node        : DESKTOP-GKKAK62
Process     : java.exe <15168>
Thread      : spliced 10080
Internals   : 6.9.181127OSS/42c7cafa/42c7cafa/OpenSplice domain service/sr_componentInfo.c/446/0/1572925881.599210400/0
========================================================================================
Report      : INFO
Date        : 2019-11-05T14:21:21+1030
Description : ++++++++++++++++++++++++++++++++++++++++++++++++
              ++ The service 'splicedaemon' is now operational. 
              ++++++++++++++++++++++++++++++++++++++++++++++++
Node        : DESKTOP-GKKAK62
Process     : java.exe <15168>
Thread      : spliced 10080
Internals   : 6.9.181127OSS/42c7cafa/42c7cafa/v_serviceChangeState/v_service.c/266/0/1572925881.600412500/0
========================================================================================
Report      : INFO
Date        : 2019-11-05T14:21:21+1030
Description : ++++++++++++++++++++++++++++++++++++++++++++++++
              ++ The service 'ddsi2' is now operational. 
              ++++++++++++++++++++++++++++++++++++++++++++++++
Node        : DESKTOP-GKKAK62
Process     : java.exe <15168>
Thread      : ddsi2 16828
Internals   : 6.9.181127OSS/42c7cafa/42c7cafa/v_serviceChangeState/v_service.c/266/0/1572925881.630164000/0
========================================================================================
Report      : INFO
Date        : 2019-11-05T14:21:21+1030
Description : The durability service can be identified by ID: 918931119
Node        : DESKTOP-GKKAK62
Process     : java.exe <15168>
Thread      : durability 5496
Internals   : 6.9.181127OSS/42c7cafa/42c7cafa/DurabilityService/d_durability.c/554/0/1572925881.934400300/0
========================================================================================
Report      : INFO
Date        : 2019-11-05T14:24:33+1030
Description : ---------------------------------------------------------------
              -- The service is using the following configuration settings --
              ---------------------------------------------------------------
              Domain (id)          : ospl_sp_ddsi (0)
              Storage              : 0 Kbytes
              Storage threshold    : 1024 Kbytes
              Storage address      : Not available
              Locking              : default
              Memory mode          : Heap memory
              Builtin topics       : true
              Priority inheritance : false
              SystemId             : 1967397514 from [1,2147483647]
Node        : DESKTOP-GKKAK62
Process     : java.exe <3100>
Thread      : spliced 14772
Internals   : 6.9.181127OSS/42c7cafa/42c7cafa/The OpenSplice domain service/u_domain.c/785/0/1572926073.589971600/0
========================================================================================
Report      : INFO
Date        : 2019-11-05T14:24:33+1030
Description : Service cmsoap disabled
Node        : DESKTOP-GKKAK62
Process     : java.exe <3100>
Thread      : spliced 14772
Internals   : 6.9.181127OSS/42c7cafa/42c7cafa/OpenSplice domain service/sr_componentInfo.c/446/0/1572926073.592112500/0
========================================================================================
Report      : INFO
Date        : 2019-11-05T14:24:33+1030
Description : ++++++++++++++++++++++++++++++++++++++++++++++++
              ++ The service 'splicedaemon' is now operational. 
              ++++++++++++++++++++++++++++++++++++++++++++++++
Node        : DESKTOP-GKKAK62
Process     : java.exe <3100>
Thread      : spliced 14772
Internals   : 6.9.181127OSS/42c7cafa/42c7cafa/v_serviceChangeState/v_service.c/266/0/1572926073.594481800/0
========================================================================================
Report      : INFO
Date        : 2019-11-05T14:24:33+1030
Description : ++++++++++++++++++++++++++++++++++++++++++++++++
              ++ The service 'ddsi2' is now operational. 
              ++++++++++++++++++++++++++++++++++++++++++++++++
Node        : DESKTOP-GKKAK62
Process     : java.exe <3100>
Thread      : ddsi2 13380
Internals   : 6.9.181127OSS/42c7cafa/42c7cafa/v_serviceChangeState/v_service.c/266/0/1572926073.625737800/0
========================================================================================
Report      : INFO
Date        : 2019-11-05T14:24:33+1030
Description : The durability service can be identified by ID: 1967397514
Node        : DESKTOP-GKKAK62
Process     : java.exe <3100>
Thread      : durability 16692
Internals   : 6.9.181127OSS/42c7cafa/42c7cafa/DurabilityService/d_durability.c/554/0/1572926073.934240300/0
========================================================================================
Report      : INFO
Date        : 2019-11-05T14:24:41+1030
Description : ++++++++++++++++++++++++++++++++++++++++++++++++
              ++ The service 'durability' is now operational. 
              ++++++++++++++++++++++++++++++++++++++++++++++++
Node        : DESKTOP-GKKAK62
Process     : java.exe <3100>
Thread      : conflictResolver 11504
Internals   : 6.9.181127OSS/42c7cafa/42c7cafa/v_serviceChangeState/v_service.c/266/0/1572926081.205141500/0
========================================================================================
Report      : INFO
Date        : 2019-11-05T17:13:10+1030
Description : ---------------------------------------------------------------
              -- The service is using the following configuration settings --
              ---------------------------------------------------------------
              Domain (id)          : ospl_sp_ddsi (0)
              Storage              : 0 Kbytes
              Storage threshold    : 1024 Kbytes
              Storage address      : Not available
              Locking              : default
              Memory mode          : Heap memory
              Builtin topics       : true
              Priority inheritance : false
              SystemId             : 615650178 from [1,2147483647]
Node        : DESKTOP-GKKAK62
Process     : java.exe <16048>
Thread      : spliced 636
Internals   : 6.9.181127OSS/42c7cafa/42c7cafa/The OpenSplice domain service/u_domain.c/785/0/1572936190.610666900/0
========================================================================================
Report      : INFO
Date        : 2019-11-05T17:13:10+1030
Description : Service cmsoap disabled
Node        : DESKTOP-GKKAK62
Process     : java.exe <16048>
Thread      : spliced 636
Internals   : 6.9.181127OSS/42c7cafa/42c7cafa/OpenSplice domain service/sr_componentInfo.c/446/0/1572936190.612803500/0
========================================================================================
Report      : INFO
Date        : 2019-11-05T17:13:10+1030
Description : ++++++++++++++++++++++++++++++++++++++++++++++++
              ++ The service 'splicedaemon' is now operational. 
              ++++++++++++++++++++++++++++++++++++++++++++++++
Node        : DESKTOP-GKKAK62
Process     : java.exe <16048>
Thread      : spliced 636
Internals   : 6.9.181127OSS/42c7cafa/42c7cafa/v_serviceChangeState/v_service.c/266/0/1572936190.614309200/0
========================================================================================
Report      : INFO
Date        : 2019-11-05T17:13:10+1030
Description : ++++++++++++++++++++++++++++++++++++++++++++++++
              ++ The service 'ddsi2' is now operational. 
              ++++++++++++++++++++++++++++++++++++++++++++++++
Node        : DESKTOP-GKKAK62
Process     : java.exe <16048>
Thread      : ddsi2 11992
Internals   : 6.9.181127OSS/42c7cafa/42c7cafa/v_serviceChangeState/v_service.c/266/0/1572936190.640668900/0
========================================================================================
Report      : INFO
Date        : 2019-11-05T17:13:10+1030
Description : The durability service can be identified by ID: 615650178
Node        : DESKTOP-GKKAK62
Process     : java.exe <16048>
Thread      : durability 16256
Internals   : 6.9.181127OSS/42c7cafa/42c7cafa/DurabilityService/d_durability.c/554/0/1572936190.947952900/0
========================================================================================
Report      : INFO
Date        : 2019-11-05T17:13:18+1030
Description : ++++++++++++++++++++++++++++++++++++++++++++++++
              ++ The service 'durability' is now operational. 
              ++++++++++++++++++++++++++++++++++++++++++++++++
Node        : DESKTOP-GKKAK62
Process     : java.exe <16048>
Thread      : conflictResolver 9164
Internals   : 6.9.181127OSS/42c7cafa/42c7cafa/v_serviceChangeState/v_service.c/266/0/1572936198.233637100/0
========================================================================================
Report      : INFO
Date        : 2019-11-05T17:14:53+1030
Description : ---------------------------------------------------------------
              -- The service is using the following configuration settings --
              ---------------------------------------------------------------
              Domain (id)          : ospl_sp_ddsi (0)
              Storage              : 0 Kbytes
              Storage threshold    : 1024 Kbytes
              Storage address      : Not available
              Locking              : default
              Memory mode          : Heap memory
              Builtin topics       : true
              Priority inheritance : false
              SystemId             : 43749868 from [1,2147483647]
Node        : DESKTOP-GKKAK62
Process     : java.exe <16228>
Thread      : spliced 19608
Internals   : 6.9.181127OSS/42c7cafa/42c7cafa/The OpenSplice domain service/u_domain.c/785/0/1572936293.042561800/0
========================================================================================
Report      : INFO
Date        : 2019-11-05T17:14:53+1030
Description : Service cmsoap disabled
Node        : DESKTOP-GKKAK62
Process     : java.exe <16228>
Thread      : spliced 19608
Internals   : 6.9.181127OSS/42c7cafa/42c7cafa/OpenSplice domain service/sr_componentInfo.c/446/0/1572936293.044232800/0
========================================================================================
Report      : INFO
Date        : 2019-11-05T17:14:53+1030
Description : ++++++++++++++++++++++++++++++++++++++++++++++++
              ++ The service 'splicedaemon' is now operational. 
              ++++++++++++++++++++++++++++++++++++++++++++++++
Node        : DESKTOP-GKKAK62
Process     : java.exe <16228>
Thread      : spliced 19608
Internals   : 6.9.181127OSS/42c7cafa/42c7cafa/v_serviceChangeState/v_service.c/266/0/1572936293.045631100/0
========================================================================================
Report      : INFO
Date        : 2019-11-05T17:14:53+1030
Description : ++++++++++++++++++++++++++++++++++++++++++++++++
              ++ The service 'ddsi2' is now operational. 
              ++++++++++++++++++++++++++++++++++++++++++++++++
Node        : DESKTOP-GKKAK62
Process     : java.exe <16228>
Thread      : ddsi2 5508
Internals   : 6.9.181127OSS/42c7cafa/42c7cafa/v_serviceChangeState/v_service.c/266/0/1572936293.071728700/0
========================================================================================
Report      : INFO
Date        : 2019-11-05T17:14:53+1030
Description : The durability service can be identified by ID: 43749868
Node        : DESKTOP-GKKAK62
Process     : java.exe <16228>
Thread      : durability 11516
Internals   : 6.9.181127OSS/42c7cafa/42c7cafa/DurabilityService/d_durability.c/554/0/1572936293.375755600/0
========================================================================================
Report      : INFO
Date        : 2019-11-05T17:15:00+1030
Description : ++++++++++++++++++++++++++++++++++++++++++++++++
              ++ The service 'durability' is now operational. 
              ++++++++++++++++++++++++++++++++++++++++++++++++
Node        : DESKTOP-GKKAK62
Process     : java.exe <16228>
Thread      : conflictResolver 17104
Internals   : 6.9.181127OSS/42c7cafa/42c7cafa/v_serviceChangeState/v_service.c/266/0/1572936300.664075500/0
========================================================================================
Report      : INFO
Date        : 2019-11-05T17:18:48+1030
Description : ---------------------------------------------------------------
              -- The service is using the following configuration settings --
              ---------------------------------------------------------------
              Domain (id)          : ospl_sp_ddsi (0)
              Storage              : 0 Kbytes
              Storage threshold    : 1024 Kbytes
              Storage address      : Not available
              Locking              : default
              Memory mode          : Heap memory
              Builtin topics       : true
              Priority inheritance : false
              SystemId             : 1610000709 from [1,2147483647]
Node        : DESKTOP-GKKAK62
Process     : java.exe <6344>
Thread      : spliced 16216
Internals   : 6.9.181127OSS/42c7cafa/42c7cafa/The OpenSplice domain service/u_domain.c/785/0/1572936528.834330500/0
========================================================================================
Report      : INFO
Date        : 2019-11-05T17:18:48+1030
Description : Service cmsoap disabled
Node        : DESKTOP-GKKAK62
Process     : java.exe <6344>
Thread      : spliced 16216
Internals   : 6.9.181127OSS/42c7cafa/42c7cafa/OpenSplice domain service/sr_componentInfo.c/446/0/1572936528.835830800/0
========================================================================================
Report      : INFO
Date        : 2019-11-05T17:18:48+1030
Description : ++++++++++++++++++++++++++++++++++++++++++++++++
              ++ The service 'splicedaemon' is now operational. 
              ++++++++++++++++++++++++++++++++++++++++++++++++
Node        : DESKTOP-GKKAK62
Process     : java.exe <6344>
Thread      : spliced 16216
Internals   : 6.9.181127OSS/42c7cafa/42c7cafa/v_serviceChangeState/v_service.c/266/0/1572936528.837254500/0
========================================================================================
Report      : INFO
Date        : 2019-11-05T17:18:48+1030
Description : ++++++++++++++++++++++++++++++++++++++++++++++++
              ++ The service 'ddsi2' is now operational. 
              ++++++++++++++++++++++++++++++++++++++++++++++++
Node        : DESKTOP-GKKAK62
Process     : java.exe <6344>
Thread      : ddsi2 17252
Internals   : 6.9.181127OSS/42c7cafa/42c7cafa/v_serviceChangeState/v_service.c/266/0/1572936528.863127800/0
========================================================================================
Report      : INFO
Date        : 2019-11-05T17:18:49+1030
Description : The durability service can be identified by ID: 1610000709
Node        : DESKTOP-GKKAK62
Process     : java.exe <6344>
Thread      : durability 17720
Internals   : 6.9.181127OSS/42c7cafa/42c7cafa/DurabilityService/d_durability.c/554/0/1572936529.174525600/0
========================================================================================
Report      : INFO
Date        : 2019-11-05T17:18:56+1030
Description : ++++++++++++++++++++++++++++++++++++++++++++++++
              ++ The service 'durability' is now operational. 
              ++++++++++++++++++++++++++++++++++++++++++++++++
Node        : DESKTOP-GKKAK62
Process     : java.exe <6344>
Thread      : conflictResolver 19988
Internals   : 6.9.181127OSS/42c7cafa/42c7cafa/v_serviceChangeState/v_service.c/266/0/1572936536.448239800/0
========================================================================================
Report      : INFO
Date        : 2019-11-05T17:20:20+1030
Description : ---------------------------------------------------------------
              -- The service is using the following configuration settings --
              ---------------------------------------------------------------
              Domain (id)          : ospl_sp_ddsi (0)
              Storage              : 0 Kbytes
              Storage threshold    : 1024 Kbytes
              Storage address      : Not available
              Locking              : default
              Memory mode          : Heap memory
              Builtin topics       : true
              Priority inheritance : false
              SystemId             : 1231593937 from [1,2147483647]
Node        : DESKTOP-GKKAK62
Process     : java.exe <19120>
Thread      : spliced 9716
Internals   : 6.9.181127OSS/42c7cafa/42c7cafa/The OpenSplice domain service/u_domain.c/785/0/1572936620.834284900/0
========================================================================================
Report      : INFO
Date        : 2019-11-05T17:20:20+1030
Description : Service cmsoap disabled
Node        : DESKTOP-GKKAK62
Process     : java.exe <19120>
Thread      : spliced 9716
Internals   : 6.9.181127OSS/42c7cafa/42c7cafa/OpenSplice domain service/sr_componentInfo.c/446/0/1572936620.835425100/0
========================================================================================
Report      : INFO
Date        : 2019-11-05T17:20:20+1030
Description : ++++++++++++++++++++++++++++++++++++++++++++++++
              ++ The service 'splicedaemon' is now operational. 
              ++++++++++++++++++++++++++++++++++++++++++++++++
Node        : DESKTOP-GKKAK62
Process     : java.exe <19120>
Thread      : spliced 9716
Internals   : 6.9.181127OSS/42c7cafa/42c7cafa/v_serviceChangeState/v_service.c/266/0/1572936620.836637300/0
========================================================================================
Report      : INFO
Date        : 2019-11-05T17:20:20+1030
Description : ++++++++++++++++++++++++++++++++++++++++++++++++
              ++ The service 'ddsi2' is now operational. 
              ++++++++++++++++++++++++++++++++++++++++++++++++
Node        : DESKTOP-GKKAK62
Process     : java.exe <19120>
Thread      : ddsi2 19100
Internals   : 6.9.181127OSS/42c7cafa/42c7cafa/v_serviceChangeState/v_service.c/266/0/1572936620.862778300/0
========================================================================================
Report      : INFO
Date        : 2019-11-05T17:20:21+1030
Description : The durability service can be identified by ID: 1231593937
Node        : DESKTOP-GKKAK62
Process     : java.exe <19120>
Thread      : durability 11272
Internals   : 6.9.181127OSS/42c7cafa/42c7cafa/DurabilityService/d_durability.c/554/0/1572936621.263530300/0
========================================================================================
Report      : INFO
Date        : 2019-11-05T17:20:28+1030
Description : ++++++++++++++++++++++++++++++++++++++++++++++++
              ++ The service 'durability' is now operational. 
              ++++++++++++++++++++++++++++++++++++++++++++++++
Node        : DESKTOP-GKKAK62
Process     : java.exe <19120>
Thread      : conflictResolver 18032
Internals   : 6.9.181127OSS/42c7cafa/42c7cafa/v_serviceChangeState/v_service.c/266/0/1572936628.458220500/0
========================================================================================
Report      : INFO
Date        : 2019-11-05T17:20:59+1030
Description : ---------------------------------------------------------------
              -- The service is using the following configuration settings --
              ---------------------------------------------------------------
              Domain (id)          : ospl_sp_ddsi (0)
              Storage              : 0 Kbytes
              Storage threshold    : 1024 Kbytes
              Storage address      : Not available
              Locking              : default
              Memory mode          : Heap memory
              Builtin topics       : true
              Priority inheritance : false
              SystemId             : 1820126496 from [1,2147483647]
Node        : DESKTOP-GKKAK62
Process     : java.exe <2408>
Thread      : spliced 18156
Internals   : 6.9.181127OSS/42c7cafa/42c7cafa/The OpenSplice domain service/u_domain.c/785/0/1572936659.013217200/0
========================================================================================
Report      : INFO
Date        : 2019-11-05T17:20:59+1030
Description : Service cmsoap disabled
Node        : DESKTOP-GKKAK62
Process     : java.exe <2408>
Thread      : spliced 18156
Internals   : 6.9.181127OSS/42c7cafa/42c7cafa/OpenSplice domain service/sr_componentInfo.c/446/0/1572936659.014342100/0
========================================================================================
Report      : INFO
Date        : 2019-11-05T17:20:59+1030
Description : ++++++++++++++++++++++++++++++++++++++++++++++++
              ++ The service 'splicedaemon' is now operational. 
              ++++++++++++++++++++++++++++++++++++++++++++++++
Node        : DESKTOP-GKKAK62
Process     : java.exe <2408>
Thread      : spliced 18156
Internals   : 6.9.181127OSS/42c7cafa/42c7cafa/v_serviceChangeState/v_service.c/266/0/1572936659.015572400/0
========================================================================================
Report      : INFO
Date        : 2019-11-05T17:20:59+1030
Description : ++++++++++++++++++++++++++++++++++++++++++++++++
              ++ The service 'ddsi2' is now operational. 
              ++++++++++++++++++++++++++++++++++++++++++++++++
Node        : DESKTOP-GKKAK62
Process     : java.exe <2408>
Thread      : ddsi2 2700
Internals   : 6.9.181127OSS/42c7cafa/42c7cafa/v_serviceChangeState/v_service.c/266/0/1572936659.043309700/0
========================================================================================
Report      : INFO
Date        : 2019-11-05T17:20:59+1030
Description : The durability service can be identified by ID: 1820126496
Node        : DESKTOP-GKKAK62
Process     : java.exe <2408>
Thread      : durability 13336
Internals   : 6.9.181127OSS/42c7cafa/42c7cafa/DurabilityService/d_durability.c/554/0/1572936659.348218800/0
========================================================================================
Report      : INFO
Date        : 2019-11-05T17:21:06+1030
Description : ++++++++++++++++++++++++++++++++++++++++++++++++
              ++ The service 'durability' is now operational. 
              ++++++++++++++++++++++++++++++++++++++++++++++++
Node        : DESKTOP-GKKAK62
Process     : java.exe <2408>
Thread      : conflictResolver 18860
Internals   : 6.9.181127OSS/42c7cafa/42c7cafa/v_serviceChangeState/v_service.c/266/0/1572936666.633362300/0
========================================================================================
Report      : INFO
Date        : 2019-11-05T17:23:45+1030
Description : ---------------------------------------------------------------
              -- The service is using the following configuration settings --
              ---------------------------------------------------------------
              Domain (id)          : ospl_sp_ddsi (0)
              Storage              : 0 Kbytes
              Storage threshold    : 1024 Kbytes
              Storage address      : Not available
              Locking              : default
              Memory mode          : Heap memory
              Builtin topics       : true
              Priority inheritance : false
              SystemId             : 1598743484 from [1,2147483647]
Node        : DESKTOP-GKKAK62
Process     : java.exe <14908>
Thread      : spliced 6944
Internals   : 6.9.181127OSS/42c7cafa/42c7cafa/The OpenSplice domain service/u_domain.c/785/0/1572936825.551502300/0
========================================================================================
Report      : INFO
Date        : 2019-11-05T17:23:45+1030
Description : Service cmsoap disabled
Node        : DESKTOP-GKKAK62
Process     : java.exe <14908>
Thread      : spliced 6944
Internals   : 6.9.181127OSS/42c7cafa/42c7cafa/OpenSplice domain service/sr_componentInfo.c/446/0/1572936825.552533100/0
========================================================================================
Report      : INFO
Date        : 2019-11-05T17:23:45+1030
Description : ++++++++++++++++++++++++++++++++++++++++++++++++
              ++ The service 'splicedaemon' is now operational. 
              ++++++++++++++++++++++++++++++++++++++++++++++++
Node        : DESKTOP-GKKAK62
Process     : java.exe <14908>
Thread      : spliced 6944
Internals   : 6.9.181127OSS/42c7cafa/42c7cafa/v_serviceChangeState/v_service.c/266/0/1572936825.553795600/0
========================================================================================
Report      : INFO
Date        : 2019-11-05T17:23:45+1030
Description : ++++++++++++++++++++++++++++++++++++++++++++++++
              ++ The service 'ddsi2' is now operational. 
              ++++++++++++++++++++++++++++++++++++++++++++++++
Node        : DESKTOP-GKKAK62
Process     : java.exe <14908>
Thread      : ddsi2 17924
Internals   : 6.9.181127OSS/42c7cafa/42c7cafa/v_serviceChangeState/v_service.c/266/0/1572936825.578803800/0
========================================================================================
Report      : INFO
Date        : 2019-11-05T17:23:45+1030
Description : The durability service can be identified by ID: 1598743484
Node        : DESKTOP-GKKAK62
Process     : java.exe <14908>
Thread      : durability 19724
Internals   : 6.9.181127OSS/42c7cafa/42c7cafa/DurabilityService/d_durability.c/554/0/1572936825.878365500/0
========================================================================================
Report      : INFO
Date        : 2019-11-05T17:23:53+1030
Description : ++++++++++++++++++++++++++++++++++++++++++++++++
              ++ The service 'durability' is now operational. 
              ++++++++++++++++++++++++++++++++++++++++++++++++
Node        : DESKTOP-GKKAK62
Process     : java.exe <14908>
Thread      : conflictResolver 20288
Internals   : 6.9.181127OSS/42c7cafa/42c7cafa/v_serviceChangeState/v_service.c/266/0/1572936833.174822700/0
========================================================================================
Report      : INFO
Date        : 2019-11-05T17:26:41+1030
Description : ---------------------------------------------------------------
              -- The service is using the following configuration settings --
              ---------------------------------------------------------------
              Domain (id)          : ospl_sp_ddsi (0)
              Storage              : 0 Kbytes
              Storage threshold    : 1024 Kbytes
              Storage address      : Not available
              Locking              : default
              Memory mode          : Heap memory
              Builtin topics       : true
              Priority inheritance : false
              SystemId             : 1225475522 from [1,2147483647]
Node        : DESKTOP-GKKAK62
Process     : java.exe <12684>
Thread      : spliced 20300
Internals   : 6.9.181127OSS/42c7cafa/42c7cafa/The OpenSplice domain service/u_domain.c/785/0/1572937001.346557800/0
========================================================================================
Report      : INFO
Date        : 2019-11-05T17:26:41+1030
Description : Service cmsoap disabled
Node        : DESKTOP-GKKAK62
Process     : java.exe <12684>
Thread      : spliced 20300
Internals   : 6.9.181127OSS/42c7cafa/42c7cafa/OpenSplice domain service/sr_componentInfo.c/446/0/1572937001.347569500/0
========================================================================================
Report      : INFO
Date        : 2019-11-05T17:26:41+1030
Description : ++++++++++++++++++++++++++++++++++++++++++++++++
              ++ The service 'splicedaemon' is now operational. 
              ++++++++++++++++++++++++++++++++++++++++++++++++
Node        : DESKTOP-GKKAK62
Process     : java.exe <12684>
Thread      : spliced 20300
Internals   : 6.9.181127OSS/42c7cafa/42c7cafa/v_serviceChangeState/v_service.c/266/0/1572937001.348997000/0
========================================================================================
Report      : INFO
Date        : 2019-11-05T17:26:41+1030
Description : ++++++++++++++++++++++++++++++++++++++++++++++++
              ++ The service 'ddsi2' is now operational. 
              ++++++++++++++++++++++++++++++++++++++++++++++++
Node        : DESKTOP-GKKAK62
Process     : java.exe <12684>
Thread      : ddsi2 12268
Internals   : 6.9.181127OSS/42c7cafa/42c7cafa/v_serviceChangeState/v_service.c/266/0/1572937001.374370500/0
========================================================================================
Report      : INFO
Date        : 2019-11-05T17:26:41+1030
Description : The durability service can be identified by ID: 1225475522
Node        : DESKTOP-GKKAK62
Process     : java.exe <12684>
Thread      : durability 15328
Internals   : 6.9.181127OSS/42c7cafa/42c7cafa/DurabilityService/d_durability.c/554/0/1572937001.672564900/0
========================================================================================
Report      : INFO
Date        : 2019-11-05T17:26:48+1030
Description : ++++++++++++++++++++++++++++++++++++++++++++++++
              ++ The service 'durability' is now operational. 
              ++++++++++++++++++++++++++++++++++++++++++++++++
Node        : DESKTOP-GKKAK62
Process     : java.exe <12684>
Thread      : conflictResolver 15536
Internals   : 6.9.181127OSS/42c7cafa/42c7cafa/v_serviceChangeState/v_service.c/266/0/1572937008.968804300/0
========================================================================================
Report      : INFO
Date        : 2019-11-05T17:35:48+1030
Description : ---------------------------------------------------------------
              -- The service is using the following configuration settings --
              ---------------------------------------------------------------
              Domain (id)          : ospl_sp_ddsi (0)
              Storage              : 0 Kbytes
              Storage threshold    : 1024 Kbytes
              Storage address      : Not available
              Locking              : default
              Memory mode          : Heap memory
              Builtin topics       : true
              Priority inheritance : false
              SystemId             : 825500992 from [1,2147483647]
Node        : DESKTOP-GKKAK62
Process     : java.exe <15700>
Thread      : spliced 20120
Internals   : 6.9.181127OSS/42c7cafa/42c7cafa/The OpenSplice domain service/u_domain.c/785/0/1572937548.277475300/0
========================================================================================
Report      : INFO
Date        : 2019-11-05T17:35:48+1030
Description : Service cmsoap disabled
Node        : DESKTOP-GKKAK62
Process     : java.exe <15700>
Thread      : spliced 20120
Internals   : 6.9.181127OSS/42c7cafa/42c7cafa/OpenSplice domain service/sr_componentInfo.c/446/0/1572937548.278542800/0
========================================================================================
Report      : INFO
Date        : 2019-11-05T17:35:48+1030
Description : ++++++++++++++++++++++++++++++++++++++++++++++++
              ++ The service 'splicedaemon' is now operational. 
              ++++++++++++++++++++++++++++++++++++++++++++++++
Node        : DESKTOP-GKKAK62
Process     : java.exe <15700>
Thread      : spliced 20120
Internals   : 6.9.181127OSS/42c7cafa/42c7cafa/v_serviceChangeState/v_service.c/266/0/1572937548.279735800/0
========================================================================================
Report      : INFO
Date        : 2019-11-05T17:35:48+1030
Description : ++++++++++++++++++++++++++++++++++++++++++++++++
              ++ The service 'ddsi2' is now operational. 
              ++++++++++++++++++++++++++++++++++++++++++++++++
Node        : DESKTOP-GKKAK62
Process     : java.exe <15700>
Thread      : ddsi2 16516
Internals   : 6.9.181127OSS/42c7cafa/42c7cafa/v_serviceChangeState/v_service.c/266/0/1572937548.310216100/0
========================================================================================
Report      : INFO
Date        : 2019-11-05T17:35:48+1030
Description : The durability service can be identified by ID: 825500992
Node        : DESKTOP-GKKAK62
Process     : java.exe <15700>
Thread      : durability 17692
Internals   : 6.9.181127OSS/42c7cafa/42c7cafa/DurabilityService/d_durability.c/554/0/1572937548.603030500/0
========================================================================================
Report      : INFO
Date        : 2019-11-05T17:35:55+1030
Description : ++++++++++++++++++++++++++++++++++++++++++++++++
              ++ The service 'durability' is now operational. 
              ++++++++++++++++++++++++++++++++++++++++++++++++
Node        : DESKTOP-GKKAK62
Process     : java.exe <15700>
Thread      : conflictResolver 15056
Internals   : 6.9.181127OSS/42c7cafa/42c7cafa/v_serviceChangeState/v_service.c/266/0/1572937555.899744600/0
========================================================================================
Report      : INFO
Date        : 2019-11-05T17:42:33+1030
Description : ---------------------------------------------------------------
              -- The service is using the following configuration settings --
              ---------------------------------------------------------------
              Domain (id)          : ospl_sp_ddsi (0)
              Storage              : 0 Kbytes
              Storage threshold    : 1024 Kbytes
              Storage address      : Not available
              Locking              : default
              Memory mode          : Heap memory
              Builtin topics       : true
              Priority inheritance : false
              SystemId             : 712571577 from [1,2147483647]
Node        : DESKTOP-GKKAK62
Process     : java.exe <6480>
Thread      : spliced 8604
Internals   : 6.9.181127OSS/42c7cafa/42c7cafa/The OpenSplice domain service/u_domain.c/785/0/1572937953.450634400/0
========================================================================================
Report      : INFO
Date        : 2019-11-05T17:42:33+1030
Description : Service cmsoap disabled
Node        : DESKTOP-GKKAK62
Process     : java.exe <6480>
Thread      : spliced 8604
Internals   : 6.9.181127OSS/42c7cafa/42c7cafa/OpenSplice domain service/sr_componentInfo.c/446/0/1572937953.451657800/0
========================================================================================
Report      : INFO
Date        : 2019-11-05T17:42:33+1030
Description : ++++++++++++++++++++++++++++++++++++++++++++++++
              ++ The service 'splicedaemon' is now operational. 
              ++++++++++++++++++++++++++++++++++++++++++++++++
Node        : DESKTOP-GKKAK62
Process     : java.exe <6480>
Thread      : spliced 8604
Internals   : 6.9.181127OSS/42c7cafa/42c7cafa/v_serviceChangeState/v_service.c/266/0/1572937953.452645600/0
========================================================================================
Report      : INFO
Date        : 2019-11-05T17:42:33+1030
Description : ++++++++++++++++++++++++++++++++++++++++++++++++
              ++ The service 'ddsi2' is now operational. 
              ++++++++++++++++++++++++++++++++++++++++++++++++
Node        : DESKTOP-GKKAK62
Process     : java.exe <6480>
Thread      : ddsi2 6464
Internals   : 6.9.181127OSS/42c7cafa/42c7cafa/v_serviceChangeState/v_service.c/266/0/1572937953.478134400/0
========================================================================================
Report      : INFO
Date        : 2019-11-05T17:42:33+1030
Description : The durability service can be identified by ID: 712571577
Node        : DESKTOP-GKKAK62
Process     : java.exe <6480>
Thread      : durability 10304
Internals   : 6.9.181127OSS/42c7cafa/42c7cafa/DurabilityService/d_durability.c/554/0/1572937953.781289600/0
========================================================================================
Report      : INFO
Date        : 2019-11-05T17:42:41+1030
Description : ++++++++++++++++++++++++++++++++++++++++++++++++
              ++ The service 'durability' is now operational. 
              ++++++++++++++++++++++++++++++++++++++++++++++++
Node        : DESKTOP-GKKAK62
Process     : java.exe <6480>
Thread      : conflictResolver 13592
Internals   : 6.9.181127OSS/42c7cafa/42c7cafa/v_serviceChangeState/v_service.c/266/0/1572937961.071253400/0
========================================================================================
Report      : INFO
Date        : 2019-11-05T17:43:35+1030
Description : ---------------------------------------------------------------
              -- The service is using the following configuration settings --
              ---------------------------------------------------------------
              Domain (id)          : ospl_sp_ddsi (0)
              Storage              : 0 Kbytes
              Storage threshold    : 1024 Kbytes
              Storage address      : Not available
              Locking              : default
              Memory mode          : Heap memory
              Builtin topics       : true
              Priority inheritance : false
              SystemId             : 936975433 from [1,2147483647]
Node        : DESKTOP-GKKAK62
Process     : java.exe <16968>
Thread      : spliced 18380
Internals   : 6.9.181127OSS/42c7cafa/42c7cafa/The OpenSplice domain service/u_domain.c/785/0/1572938015.366307200/0
========================================================================================
Report      : INFO
Date        : 2019-11-05T17:43:35+1030
Description : Service cmsoap disabled
Node        : DESKTOP-GKKAK62
Process     : java.exe <16968>
Thread      : spliced 18380
Internals   : 6.9.181127OSS/42c7cafa/42c7cafa/OpenSplice domain service/sr_componentInfo.c/446/0/1572938015.367470200/0
========================================================================================
Report      : INFO
Date        : 2019-11-05T17:43:35+1030
Description : ++++++++++++++++++++++++++++++++++++++++++++++++
              ++ The service 'splicedaemon' is now operational. 
              ++++++++++++++++++++++++++++++++++++++++++++++++
Node        : DESKTOP-GKKAK62
Process     : java.exe <16968>
Thread      : spliced 18380
Internals   : 6.9.181127OSS/42c7cafa/42c7cafa/v_serviceChangeState/v_service.c/266/0/1572938015.368732500/0
========================================================================================
Report      : INFO
Date        : 2019-11-05T17:43:35+1030
Description : ++++++++++++++++++++++++++++++++++++++++++++++++
              ++ The service 'ddsi2' is now operational. 
              ++++++++++++++++++++++++++++++++++++++++++++++++
Node        : DESKTOP-GKKAK62
Process     : java.exe <16968>
Thread      : ddsi2 16548
Internals   : 6.9.181127OSS/42c7cafa/42c7cafa/v_serviceChangeState/v_service.c/266/0/1572938015.391920400/0
========================================================================================
Report      : INFO
Date        : 2019-11-05T17:43:35+1030
Description : The durability service can be identified by ID: 936975433
Node        : DESKTOP-GKKAK62
Process     : java.exe <16968>
Thread      : durability 15700
Internals   : 6.9.181127OSS/42c7cafa/42c7cafa/DurabilityService/d_durability.c/554/0/1572938015.693156700/0
========================================================================================
Report      : INFO
Date        : 2019-11-05T17:43:42+1030
Description : ++++++++++++++++++++++++++++++++++++++++++++++++
              ++ The service 'durability' is now operational. 
              ++++++++++++++++++++++++++++++++++++++++++++++++
Node        : DESKTOP-GKKAK62
Process     : java.exe <16968>
Thread      : conflictResolver 4512
Internals   : 6.9.181127OSS/42c7cafa/42c7cafa/v_serviceChangeState/v_service.c/266/0/1572938022.983996800/0
========================================================================================
Report      : INFO
Date        : 2019-11-05T17:49:54+1030
Description : ---------------------------------------------------------------
              -- The service is using the following configuration settings --
              ---------------------------------------------------------------
              Domain (id)          : ospl_sp_ddsi (0)
              Storage              : 0 Kbytes
              Storage threshold    : 1024 Kbytes
              Storage address      : Not available
              Locking              : default
              Memory mode          : Heap memory
              Builtin topics       : true
              Priority inheritance : false
              SystemId             : 521890863 from [1,2147483647]
Node        : DESKTOP-GKKAK62
Process     : java.exe <18644>
Thread      : spliced 19508
Internals   : 6.9.181127OSS/42c7cafa/42c7cafa/The OpenSplice domain service/u_domain.c/785/0/1572938394.513256700/0
========================================================================================
Report      : INFO
Date        : 2019-11-05T17:49:54+1030
Description : Service cmsoap disabled
Node        : DESKTOP-GKKAK62
Process     : java.exe <18644>
Thread      : spliced 19508
Internals   : 6.9.181127OSS/42c7cafa/42c7cafa/OpenSplice domain service/sr_componentInfo.c/446/0/1572938394.514393800/0
========================================================================================
Report      : INFO
Date        : 2019-11-05T17:49:54+1030
Description : ++++++++++++++++++++++++++++++++++++++++++++++++
              ++ The service 'splicedaemon' is now operational. 
              ++++++++++++++++++++++++++++++++++++++++++++++++
Node        : DESKTOP-GKKAK62
Process     : java.exe <18644>
Thread      : spliced 19508
Internals   : 6.9.181127OSS/42c7cafa/42c7cafa/v_serviceChangeState/v_service.c/266/0/1572938394.515574800/0
========================================================================================
Report      : INFO
Date        : 2019-11-05T17:49:54+1030
Description : ++++++++++++++++++++++++++++++++++++++++++++++++
              ++ The service 'ddsi2' is now operational. 
              ++++++++++++++++++++++++++++++++++++++++++++++++
Node        : DESKTOP-GKKAK62
Process     : java.exe <18644>
Thread      : ddsi2 19640
Internals   : 6.9.181127OSS/42c7cafa/42c7cafa/v_serviceChangeState/v_service.c/266/0/1572938394.545640100/0
========================================================================================
Report      : INFO
Date        : 2019-11-05T17:49:54+1030
Description : The durability service can be identified by ID: 521890863
Node        : DESKTOP-GKKAK62
Process     : java.exe <18644>
Thread      : durability 8520
Internals   : 6.9.181127OSS/42c7cafa/42c7cafa/DurabilityService/d_durability.c/554/0/1572938394.857898100/0
========================================================================================
Report      : INFO
Date        : 2019-11-05T17:50:02+1030
Description : ++++++++++++++++++++++++++++++++++++++++++++++++
              ++ The service 'durability' is now operational. 
              ++++++++++++++++++++++++++++++++++++++++++++++++
Node        : DESKTOP-GKKAK62
Process     : java.exe <18644>
Thread      : conflictResolver 3168
Internals   : 6.9.181127OSS/42c7cafa/42c7cafa/v_serviceChangeState/v_service.c/266/0/1572938402.136993800/0
========================================================================================
Report      : INFO
Date        : 2019-11-05T17:51:35+1030
Description : ---------------------------------------------------------------
              -- The service is using the following configuration settings --
              ---------------------------------------------------------------
              Domain (id)          : ospl_sp_ddsi (0)
              Storage              : 0 Kbytes
              Storage threshold    : 1024 Kbytes
              Storage address      : Not available
              Locking              : default
              Memory mode          : Heap memory
              Builtin topics       : true
              Priority inheritance : false
              SystemId             : 1570345555 from [1,2147483647]
Node        : DESKTOP-GKKAK62
Process     : java.exe <11572>
Thread      : spliced 9056
Internals   : 6.9.181127OSS/42c7cafa/42c7cafa/The OpenSplice domain service/u_domain.c/785/0/1572938495.302010900/0
========================================================================================
Report      : INFO
Date        : 2019-11-05T17:51:35+1030
Description : Service cmsoap disabled
Node        : DESKTOP-GKKAK62
Process     : java.exe <11572>
Thread      : spliced 9056
Internals   : 6.9.181127OSS/42c7cafa/42c7cafa/OpenSplice domain service/sr_componentInfo.c/446/0/1572938495.303387000/0
========================================================================================
Report      : INFO
Date        : 2019-11-05T17:51:35+1030
Description : ++++++++++++++++++++++++++++++++++++++++++++++++
              ++ The service 'splicedaemon' is now operational. 
              ++++++++++++++++++++++++++++++++++++++++++++++++
Node        : DESKTOP-GKKAK62
Process     : java.exe <11572>
Thread      : spliced 9056
Internals   : 6.9.181127OSS/42c7cafa/42c7cafa/v_serviceChangeState/v_service.c/266/0/1572938495.304762800/0
========================================================================================
Report      : INFO
Date        : 2019-11-05T17:51:35+1030
Description : ++++++++++++++++++++++++++++++++++++++++++++++++
              ++ The service 'ddsi2' is now operational. 
              ++++++++++++++++++++++++++++++++++++++++++++++++
Node        : DESKTOP-GKKAK62
Process     : java.exe <11572>
Thread      : ddsi2 17316
Internals   : 6.9.181127OSS/42c7cafa/42c7cafa/v_serviceChangeState/v_service.c/266/0/1572938495.333284700/0
========================================================================================
Report      : INFO
Date        : 2019-11-05T17:51:35+1030
Description : The durability service can be identified by ID: 1570345555
Node        : DESKTOP-GKKAK62
Process     : java.exe <11572>
Thread      : durability 16768
Internals   : 6.9.181127OSS/42c7cafa/42c7cafa/DurabilityService/d_durability.c/554/0/1572938495.637037200/0
========================================================================================
Report      : INFO
Date        : 2019-11-05T17:51:42+1030
Description : ++++++++++++++++++++++++++++++++++++++++++++++++
              ++ The service 'durability' is now operational. 
              ++++++++++++++++++++++++++++++++++++++++++++++++
Node        : DESKTOP-GKKAK62
Process     : java.exe <11572>
Thread      : conflictResolver 18884
Internals   : 6.9.181127OSS/42c7cafa/42c7cafa/v_serviceChangeState/v_service.c/266/0/1572938502.921967600/0
========================================================================================
Report      : INFO
Date        : 2019-11-05T17:55:33+1030
Description : Missed heartbeat for node 458366735. (DCPSPublication is complete)
Node        : DESKTOP-GKKAK62
Process     : java.exe <11572>
Thread      : OSPL Garbage Collector 13820
Internals   : 6.9.181127OSS/42c7cafa/42c7cafa/v_spliced/v_spliced.c/2062/769/1572938733.474841400/0
========================================================================================
Report      : INFO
Date        : 2019-11-05T17:55:47+1030
Description : ---------------------------------------------------------------
              -- The service is using the following configuration settings --
              ---------------------------------------------------------------
              Domain (id)          : ospl_sp_ddsi (0)
              Storage              : 0 Kbytes
              Storage threshold    : 1024 Kbytes
              Storage address      : Not available
              Locking              : default
              Memory mode          : Heap memory
              Builtin topics       : true
              Priority inheritance : false
              SystemId             : 887983514 from [1,2147483647]
Node        : DESKTOP-GKKAK62
Process     : java.exe <18856>
Thread      : spliced 13024
Internals   : 6.9.181127OSS/42c7cafa/42c7cafa/The OpenSplice domain service/u_domain.c/785/0/1572938747.219322500/0
========================================================================================
Report      : INFO
Date        : 2019-11-05T17:55:47+1030
Description : Service cmsoap disabled
Node        : DESKTOP-GKKAK62
Process     : java.exe <18856>
Thread      : spliced 13024
Internals   : 6.9.181127OSS/42c7cafa/42c7cafa/OpenSplice domain service/sr_componentInfo.c/446/0/1572938747.220483200/0
========================================================================================
Report      : INFO
Date        : 2019-11-05T17:55:47+1030
Description : ++++++++++++++++++++++++++++++++++++++++++++++++
              ++ The service 'splicedaemon' is now operational. 
              ++++++++++++++++++++++++++++++++++++++++++++++++
Node        : DESKTOP-GKKAK62
Process     : java.exe <18856>
Thread      : spliced 13024
Internals   : 6.9.181127OSS/42c7cafa/42c7cafa/v_serviceChangeState/v_service.c/266/0/1572938747.221701800/0
========================================================================================
Report      : INFO
Date        : 2019-11-05T17:55:47+1030
Description : ++++++++++++++++++++++++++++++++++++++++++++++++
              ++ The service 'ddsi2' is now operational. 
              ++++++++++++++++++++++++++++++++++++++++++++++++
Node        : DESKTOP-GKKAK62
Process     : java.exe <18856>
Thread      : ddsi2 15244
Internals   : 6.9.181127OSS/42c7cafa/42c7cafa/v_serviceChangeState/v_service.c/266/0/1572938747.248485000/0
========================================================================================
Report      : INFO
Date        : 2019-11-05T17:55:47+1030
Description : The durability service can be identified by ID: 887983514
Node        : DESKTOP-GKKAK62
Process     : java.exe <18856>
Thread      : durability 16496
Internals   : 6.9.181127OSS/42c7cafa/42c7cafa/DurabilityService/d_durability.c/554/0/1572938747.645122400/0
========================================================================================
Report      : INFO
Date        : 2019-11-05T17:55:54+1030
Description : ++++++++++++++++++++++++++++++++++++++++++++++++
              ++ The service 'durability' is now operational. 
              ++++++++++++++++++++++++++++++++++++++++++++++++
Node        : DESKTOP-GKKAK62
Process     : java.exe <18856>
Thread      : conflictResolver 19904
Internals   : 6.9.181127OSS/42c7cafa/42c7cafa/v_serviceChangeState/v_service.c/266/0/1572938754.840909300/0
========================================================================================
Report      : INFO
Date        : 2019-11-06T11:03:05+1030
Description : ---------------------------------------------------------------
              -- The service is using the following configuration settings --
              ---------------------------------------------------------------
              Domain (id)          : ospl_sp_ddsi (0)
              Storage              : 0 Kbytes
              Storage threshold    : 1024 Kbytes
              Storage address      : Not available
              Locking              : default
              Memory mode          : Heap memory
              Builtin topics       : true
              Priority inheritance : false
              SystemId             : 1396442761 from [1,2147483647]
Node        : DESKTOP-GKKAK62
Process     : java.exe <18144>
Thread      : spliced 19024
Internals   : 6.9.181127OSS/42c7cafa/42c7cafa/The OpenSplice domain service/u_domain.c/785/0/1573000385.606776800/0
========================================================================================
Report      : INFO
Date        : 2019-11-06T11:03:05+1030
Description : Service cmsoap disabled
Node        : DESKTOP-GKKAK62
Process     : java.exe <18144>
Thread      : spliced 19024
Internals   : 6.9.181127OSS/42c7cafa/42c7cafa/OpenSplice domain service/sr_componentInfo.c/446/0/1573000385.608646400/0
========================================================================================
Report      : INFO
Date        : 2019-11-06T11:03:05+1030
Description : ++++++++++++++++++++++++++++++++++++++++++++++++
              ++ The service 'splicedaemon' is now operational. 
              ++++++++++++++++++++++++++++++++++++++++++++++++
Node        : DESKTOP-GKKAK62
Process     : java.exe <18144>
Thread      : spliced 19024
Internals   : 6.9.181127OSS/42c7cafa/42c7cafa/v_serviceChangeState/v_service.c/266/0/1573000385.610291000/0
========================================================================================
Report      : INFO
Date        : 2019-11-06T11:03:05+1030
Description : ++++++++++++++++++++++++++++++++++++++++++++++++
              ++ The service 'ddsi2' is now operational. 
              ++++++++++++++++++++++++++++++++++++++++++++++++
Node        : DESKTOP-GKKAK62
Process     : java.exe <18144>
Thread      : ddsi2 17768
Internals   : 6.9.181127OSS/42c7cafa/42c7cafa/v_serviceChangeState/v_service.c/266/0/1573000385.700716000/0
========================================================================================
Report      : INFO
Date        : 2019-11-06T11:03:06+1030
Description : The durability service can be identified by ID: 1396442761
Node        : DESKTOP-GKKAK62
Process     : java.exe <18144>
Thread      : durability 8404
Internals   : 6.9.181127OSS/42c7cafa/42c7cafa/DurabilityService/d_durability.c/554/0/1573000386.005625100/0
========================================================================================
Report      : INFO
Date        : 2019-11-06T11:03:13+1030
Description : ++++++++++++++++++++++++++++++++++++++++++++++++
              ++ The service 'durability' is now operational. 
              ++++++++++++++++++++++++++++++++++++++++++++++++
Node        : DESKTOP-GKKAK62
Process     : java.exe <18144>
Thread      : conflictResolver 18332
Internals   : 6.9.181127OSS/42c7cafa/42c7cafa/v_serviceChangeState/v_service.c/266/0/1573000393.189498200/0
========================================================================================
Report      : INFO
Date        : 2019-11-06T11:05:25+1030
Description : ---------------------------------------------------------------
              -- The service is using the following configuration settings --
              ---------------------------------------------------------------
              Domain (id)          : ospl_sp_ddsi (0)
              Storage              : 0 Kbytes
              Storage threshold    : 1024 Kbytes
              Storage address      : Not available
              Locking              : default
              Memory mode          : Heap memory
              Builtin topics       : true
              Priority inheritance : false
              SystemId             : 164968558 from [1,2147483647]
Node        : DESKTOP-GKKAK62
Process     : java.exe <19872>
Thread      : spliced 816
Internals   : 6.9.181127OSS/42c7cafa/42c7cafa/The OpenSplice domain service/u_domain.c/785/0/1573000525.018520300/0
========================================================================================
Report      : INFO
Date        : 2019-11-06T11:05:25+1030
Description : Service cmsoap disabled
Node        : DESKTOP-GKKAK62
Process     : java.exe <19872>
Thread      : spliced 816
Internals   : 6.9.181127OSS/42c7cafa/42c7cafa/OpenSplice domain service/sr_componentInfo.c/446/0/1573000525.019724800/0
========================================================================================
Report      : INFO
Date        : 2019-11-06T11:05:25+1030
Description : ++++++++++++++++++++++++++++++++++++++++++++++++
              ++ The service 'splicedaemon' is now operational. 
              ++++++++++++++++++++++++++++++++++++++++++++++++
Node        : DESKTOP-GKKAK62
Process     : java.exe <19872>
Thread      : spliced 816
Internals   : 6.9.181127OSS/42c7cafa/42c7cafa/v_serviceChangeState/v_service.c/266/0/1573000525.020722100/0
========================================================================================
Report      : INFO
Date        : 2019-11-06T11:05:25+1030
Description : ++++++++++++++++++++++++++++++++++++++++++++++++
              ++ The service 'ddsi2' is now operational. 
              ++++++++++++++++++++++++++++++++++++++++++++++++
Node        : DESKTOP-GKKAK62
Process     : java.exe <19872>
Thread      : ddsi2 14532
Internals   : 6.9.181127OSS/42c7cafa/42c7cafa/v_serviceChangeState/v_service.c/266/0/1573000525.046532300/0
========================================================================================
Report      : INFO
Date        : 2019-11-06T11:05:25+1030
Description : The durability service can be identified by ID: 164968558
Node        : DESKTOP-GKKAK62
Process     : java.exe <19872>
Thread      : durability 19976
Internals   : 6.9.181127OSS/42c7cafa/42c7cafa/DurabilityService/d_durability.c/554/0/1573000525.346818700/0
========================================================================================
Report      : INFO
Date        : 2019-11-06T11:05:32+1030
Description : ++++++++++++++++++++++++++++++++++++++++++++++++
              ++ The service 'durability' is now operational. 
              ++++++++++++++++++++++++++++++++++++++++++++++++
Node        : DESKTOP-GKKAK62
Process     : java.exe <19872>
Thread      : conflictResolver 9860
Internals   : 6.9.181127OSS/42c7cafa/42c7cafa/v_serviceChangeState/v_service.c/266/0/1573000532.649614000/0
========================================================================================
Report      : INFO
Date        : 2019-11-08T12:32:51+1030
Description : ---------------------------------------------------------------
              -- The service is using the following configuration settings --
              ---------------------------------------------------------------
              Domain (id)          : ospl_sp_ddsi (0)
              Storage              : 0 Kbytes
              Storage threshold    : 1024 Kbytes
              Storage address      : Not available
              Locking              : default
              Memory mode          : Heap memory
              Builtin topics       : true
              Priority inheritance : false
              SystemId             : 63636581 from [1,2147483647]
Node        : DESKTOP-GKKAK62
Process     : java.exe <15616>
Thread      : spliced 4160
Internals   : 6.9.181127OSS/42c7cafa/42c7cafa/The OpenSplice domain service/u_domain.c/785/0/1573178571.603453700/0
========================================================================================
Report      : INFO
Date        : 2019-11-08T12:32:51+1030
Description : Service cmsoap disabled
Node        : DESKTOP-GKKAK62
Process     : java.exe <15616>
Thread      : spliced 4160
Internals   : 6.9.181127OSS/42c7cafa/42c7cafa/OpenSplice domain service/sr_componentInfo.c/446/0/1573178571.604949300/0
========================================================================================
Report      : INFO
Date        : 2019-11-08T12:32:51+1030
Description : ++++++++++++++++++++++++++++++++++++++++++++++++
              ++ The service 'splicedaemon' is now operational. 
              ++++++++++++++++++++++++++++++++++++++++++++++++
Node        : DESKTOP-GKKAK62
Process     : java.exe <15616>
Thread      : spliced 4160
Internals   : 6.9.181127OSS/42c7cafa/42c7cafa/v_serviceChangeState/v_service.c/266/0/1573178571.606202600/0
========================================================================================
Report      : INFO
Date        : 2019-11-08T12:32:51+1030
Description : ++++++++++++++++++++++++++++++++++++++++++++++++
              ++ The service 'ddsi2' is now operational. 
              ++++++++++++++++++++++++++++++++++++++++++++++++
Node        : DESKTOP-GKKAK62
Process     : java.exe <15616>
Thread      : ddsi2 7144
Internals   : 6.9.181127OSS/42c7cafa/42c7cafa/v_serviceChangeState/v_service.c/266/0/1573178571.676104100/0
========================================================================================
Report      : INFO
Date        : 2019-11-08T12:32:52+1030
Description : The durability service can be identified by ID: 63636581
Node        : DESKTOP-GKKAK62
Process     : java.exe <15616>
Thread      : durability 12376
Internals   : 6.9.181127OSS/42c7cafa/42c7cafa/DurabilityService/d_durability.c/554/0/1573178572.181120100/0
========================================================================================
Report      : INFO
Date        : 2019-11-08T12:32:59+1030
Description : ++++++++++++++++++++++++++++++++++++++++++++++++
              ++ The service 'durability' is now operational. 
              ++++++++++++++++++++++++++++++++++++++++++++++++
Node        : DESKTOP-GKKAK62
Process     : java.exe <15616>
Thread      : conflictResolver 13004
Internals   : 6.9.181127OSS/42c7cafa/42c7cafa/v_serviceChangeState/v_service.c/266/0/1573178579.387922700/0
========================================================================================
Report      : INFO
Date        : 2019-11-08T12:36:12+1030
Description : ---------------------------------------------------------------
              -- The service is using the following configuration settings --
              ---------------------------------------------------------------
              Domain (id)          : ospl_sp_ddsi (0)
              Storage              : 0 Kbytes
              Storage threshold    : 1024 Kbytes
              Storage address      : Not available
              Locking              : default
              Memory mode          : Heap memory
              Builtin topics       : true
              Priority inheritance : false
              SystemId             : 107310712 from [1,2147483647]
Node        : DESKTOP-GKKAK62
Process     : java.exe <9836>
Thread      : spliced 16532
Internals   : 6.9.181127OSS/42c7cafa/42c7cafa/The OpenSplice domain service/u_domain.c/785/0/1573178772.400470900/0
========================================================================================
Report      : INFO
Date        : 2019-11-08T12:36:12+1030
Description : Service cmsoap disabled
Node        : DESKTOP-GKKAK62
Process     : java.exe <9836>
Thread      : spliced 16532
Internals   : 6.9.181127OSS/42c7cafa/42c7cafa/OpenSplice domain service/sr_componentInfo.c/446/0/1573178772.401423200/0
========================================================================================
Report      : INFO
Date        : 2019-11-08T12:36:12+1030
Description : ++++++++++++++++++++++++++++++++++++++++++++++++
              ++ The service 'splicedaemon' is now operational. 
              ++++++++++++++++++++++++++++++++++++++++++++++++
Node        : DESKTOP-GKKAK62
Process     : java.exe <9836>
Thread      : spliced 16532
Internals   : 6.9.181127OSS/42c7cafa/42c7cafa/v_serviceChangeState/v_service.c/266/0/1573178772.402689600/0
========================================================================================
Report      : INFO
Date        : 2019-11-08T12:36:12+1030
Description : ++++++++++++++++++++++++++++++++++++++++++++++++
              ++ The service 'ddsi2' is now operational. 
              ++++++++++++++++++++++++++++++++++++++++++++++++
Node        : DESKTOP-GKKAK62
Process     : java.exe <9836>
Thread      : ddsi2 8356
Internals   : 6.9.181127OSS/42c7cafa/42c7cafa/v_serviceChangeState/v_service.c/266/0/1573178772.424908700/0
========================================================================================
Report      : INFO
Date        : 2019-11-08T12:36:12+1030
Description : The durability service can be identified by ID: 107310712
Node        : DESKTOP-GKKAK62
Process     : java.exe <9836>
Thread      : durability 16228
Internals   : 6.9.181127OSS/42c7cafa/42c7cafa/DurabilityService/d_durability.c/554/0/1573178772.933579900/0
========================================================================================
Report      : INFO
Date        : 2019-11-08T12:36:20+1030
Description : ++++++++++++++++++++++++++++++++++++++++++++++++
              ++ The service 'durability' is now operational. 
              ++++++++++++++++++++++++++++++++++++++++++++++++
Node        : DESKTOP-GKKAK62
Process     : java.exe <9836>
Thread      : conflictResolver 16680
Internals   : 6.9.181127OSS/42c7cafa/42c7cafa/v_serviceChangeState/v_service.c/266/0/1573178780.628611900/0
========================================================================================
Report      : INFO
Date        : 2019-11-08T12:37:51+1030
Description : Missed heartbeat for node 63636581. (DCPSPublication is complete)
Node        : DESKTOP-GKKAK62
Process     : java.exe <9836>
Thread      : OSPL Garbage Collector 5528
Internals   : 6.9.181127OSS/42c7cafa/42c7cafa/v_spliced/v_spliced.c/2062/769/1573178871.757198500/0
========================================================================================
Report      : INFO
Date        : 2019-11-08T13:11:41+1030
Description : Missed heartbeat for node 288733993. (DCPSPublication is complete)
Node        : DESKTOP-GKKAK62
Process     : java.exe <9836>
Thread      : OSPL Garbage Collector 5528
Internals   : 6.9.181127OSS/42c7cafa/42c7cafa/v_spliced/v_spliced.c/2062/769/1573180901.915589700/0
========================================================================================
Report      : INFO
Date        : 2019-11-08T13:38:45+1030
Description : Missed heartbeat for node 2111446306. (DCPSPublication is complete)
Node        : DESKTOP-GKKAK62
Process     : java.exe <9836>
Thread      : OSPL Garbage Collector 5528
Internals   : 6.9.181127OSS/42c7cafa/42c7cafa/v_spliced/v_spliced.c/2062/769/1573182525.932403900/0
========================================================================================
Report      : INFO
Date        : 2019-11-08T15:01:11+1030
Description : ---------------------------------------------------------------
              -- The service is using the following configuration settings --
              ---------------------------------------------------------------
              Domain (id)          : ospl_sp_ddsi (0)
              Storage              : 0 Kbytes
              Storage threshold    : 1024 Kbytes
              Storage address      : Not available
              Locking              : default
              Memory mode          : Heap memory
              Builtin topics       : true
              Priority inheritance : false
              SystemId             : 314683619 from [1,2147483647]
Node        : DESKTOP-GKKAK62
Process     : java.exe <16452>
Thread      : spliced 17248
Internals   : 6.9.181127OSS/42c7cafa/42c7cafa/The OpenSplice domain service/u_domain.c/785/0/1573187471.598991600/0
========================================================================================
Report      : INFO
Date        : 2019-11-08T15:01:11+1030
Description : Service cmsoap disabled
Node        : DESKTOP-GKKAK62
Process     : java.exe <16452>
Thread      : spliced 17248
Internals   : 6.9.181127OSS/42c7cafa/42c7cafa/OpenSplice domain service/sr_componentInfo.c/446/0/1573187471.599983200/0
========================================================================================
Report      : INFO
Date        : 2019-11-08T15:01:11+1030
Description : ++++++++++++++++++++++++++++++++++++++++++++++++
              ++ The service 'splicedaemon' is now operational. 
              ++++++++++++++++++++++++++++++++++++++++++++++++
Node        : DESKTOP-GKKAK62
Process     : java.exe <16452>
Thread      : spliced 17248
Internals   : 6.9.181127OSS/42c7cafa/42c7cafa/v_serviceChangeState/v_service.c/266/0/1573187471.601145200/0
========================================================================================
Report      : INFO
Date        : 2019-11-08T15:01:11+1030
Description : ++++++++++++++++++++++++++++++++++++++++++++++++
              ++ The service 'ddsi2' is now operational. 
              ++++++++++++++++++++++++++++++++++++++++++++++++
Node        : DESKTOP-GKKAK62
Process     : java.exe <16452>
Thread      : ddsi2 11000
Internals   : 6.9.181127OSS/42c7cafa/42c7cafa/v_serviceChangeState/v_service.c/266/0/1573187471.652417700/0
========================================================================================
Report      : INFO
Date        : 2019-11-08T15:01:12+1030
Description : The durability service can be identified by ID: 314683619
Node        : DESKTOP-GKKAK62
Process     : java.exe <16452>
Thread      : durability 7564
Internals   : 6.9.181127OSS/42c7cafa/42c7cafa/DurabilityService/d_durability.c/554/0/1573187472.059623500/0
========================================================================================
Report      : INFO
Date        : 2019-11-08T15:01:19+1030
Description : ++++++++++++++++++++++++++++++++++++++++++++++++
              ++ The service 'durability' is now operational. 
              ++++++++++++++++++++++++++++++++++++++++++++++++
Node        : DESKTOP-GKKAK62
Process     : java.exe <16452>
Thread      : conflictResolver 14068
Internals   : 6.9.181127OSS/42c7cafa/42c7cafa/v_serviceChangeState/v_service.c/266/0/1573187479.211775300/0
========================================================================================
Report      : INFO
Date        : 2019-11-11T14:58:26+1030
Description : ---------------------------------------------------------------
              -- The service is using the following configuration settings --
              ---------------------------------------------------------------
              Domain (id)          : ospl_sp_ddsi (0)
              Storage              : 0 Kbytes
              Storage threshold    : 1024 Kbytes
              Storage address      : Not available
              Locking              : default
              Memory mode          : Heap memory
              Builtin topics       : true
              Priority inheritance : false
              SystemId             : 1000760694 from [1,2147483647]
Node        : DESKTOP-GKKAK62
Process     : java.exe <20396>
Thread      : spliced 8916
Internals   : 6.9.181127OSS/42c7cafa/42c7cafa/The OpenSplice domain service/u_domain.c/785/0/1573446506.576487100/0
========================================================================================
Report      : INFO
Date        : 2019-11-11T14:58:26+1030
Description : Service cmsoap disabled
Node        : DESKTOP-GKKAK62
Process     : java.exe <20396>
Thread      : spliced 8916
Internals   : 6.9.181127OSS/42c7cafa/42c7cafa/OpenSplice domain service/sr_componentInfo.c/446/0/1573446506.577654400/0
========================================================================================
Report      : INFO
Date        : 2019-11-11T14:58:26+1030
Description : ++++++++++++++++++++++++++++++++++++++++++++++++
              ++ The service 'splicedaemon' is now operational. 
              ++++++++++++++++++++++++++++++++++++++++++++++++
Node        : DESKTOP-GKKAK62
Process     : java.exe <20396>
Thread      : spliced 8916
Internals   : 6.9.181127OSS/42c7cafa/42c7cafa/v_serviceChangeState/v_service.c/266/0/1573446506.578960200/0
========================================================================================
Report      : INFO
Date        : 2019-11-11T14:58:26+1030
Description : ++++++++++++++++++++++++++++++++++++++++++++++++
              ++ The service 'ddsi2' is now operational. 
              ++++++++++++++++++++++++++++++++++++++++++++++++
Node        : DESKTOP-GKKAK62
Process     : java.exe <20396>
Thread      : ddsi2 19648
Internals   : 6.9.181127OSS/42c7cafa/42c7cafa/v_serviceChangeState/v_service.c/266/0/1573446506.647535100/0
========================================================================================
Report      : INFO
Date        : 2019-11-11T14:58:26+1030
Description : The durability service can be identified by ID: 1000760694
Node        : DESKTOP-GKKAK62
Process     : java.exe <20396>
Thread      : durability 2888
Internals   : 6.9.181127OSS/42c7cafa/42c7cafa/DurabilityService/d_durability.c/554/0/1573446506.975502900/0
========================================================================================
Report      : INFO
Date        : 2019-11-11T14:58:34+1030
Description : ++++++++++++++++++++++++++++++++++++++++++++++++
              ++ The service 'durability' is now operational. 
              ++++++++++++++++++++++++++++++++++++++++++++++++
Node        : DESKTOP-GKKAK62
Process     : java.exe <20396>
Thread      : conflictResolver 18652
Internals   : 6.9.181127OSS/42c7cafa/42c7cafa/v_serviceChangeState/v_service.c/266/0/1573446514.169082200/0
========================================================================================
Report      : INFO
Date        : 2019-11-11T14:58:34+1030
Description : ---------------------------------------------------------------
              -- The service is using the following configuration settings --
              ---------------------------------------------------------------
              Domain (id)          : ospl_sp_ddsi (0)
              Storage              : 0 Kbytes
              Storage threshold    : 1024 Kbytes
              Storage address      : Not available
              Locking              : default
              Memory mode          : Heap memory
              Builtin topics       : true
              Priority inheritance : false
              SystemId             : 959062600 from [1,2147483647]
Node        : DESKTOP-GKKAK62
Process     : java.exe <10376>
Thread      : spliced 2304
Internals   : 6.9.181127OSS/42c7cafa/42c7cafa/The OpenSplice domain service/u_domain.c/785/0/1573446514.247269100/0
========================================================================================
Report      : INFO
Date        : 2019-11-11T14:58:34+1030
Description : Service cmsoap disabled
Node        : DESKTOP-GKKAK62
Process     : java.exe <10376>
Thread      : spliced 2304
Internals   : 6.9.181127OSS/42c7cafa/42c7cafa/OpenSplice domain service/sr_componentInfo.c/446/0/1573446514.248312400/0
========================================================================================
Report      : INFO
Date        : 2019-11-11T14:58:34+1030
Description : ++++++++++++++++++++++++++++++++++++++++++++++++
              ++ The service 'splicedaemon' is now operational. 
              ++++++++++++++++++++++++++++++++++++++++++++++++
Node        : DESKTOP-GKKAK62
Process     : java.exe <10376>
Thread      : spliced 2304
Internals   : 6.9.181127OSS/42c7cafa/42c7cafa/v_serviceChangeState/v_service.c/266/0/1573446514.249484700/0
========================================================================================
Report      : INFO
Date        : 2019-11-11T14:58:34+1030
Description : ++++++++++++++++++++++++++++++++++++++++++++++++
              ++ The service 'ddsi2' is now operational. 
              ++++++++++++++++++++++++++++++++++++++++++++++++
Node        : DESKTOP-GKKAK62
Process     : java.exe <10376>
Thread      : ddsi2 15156
Internals   : 6.9.181127OSS/42c7cafa/42c7cafa/v_serviceChangeState/v_service.c/266/0/1573446514.276537700/0
========================================================================================
Report      : INFO
Date        : 2019-11-11T14:58:34+1030
Description : The durability service can be identified by ID: 959062600
Node        : DESKTOP-GKKAK62
Process     : java.exe <10376>
Thread      : durability 6556
Internals   : 6.9.181127OSS/42c7cafa/42c7cafa/DurabilityService/d_durability.c/554/0/1573446514.678764000/0
========================================================================================
Report      : INFO
Date        : 2019-11-11T14:58:42+1030
Description : ++++++++++++++++++++++++++++++++++++++++++++++++
              ++ The service 'durability' is now operational. 
              ++++++++++++++++++++++++++++++++++++++++++++++++
Node        : DESKTOP-GKKAK62
Process     : java.exe <10376>
Thread      : conflictResolver 20164
Internals   : 6.9.181127OSS/42c7cafa/42c7cafa/v_serviceChangeState/v_service.c/266/0/1573446522.270150300/0
========================================================================================
Report      : INFO
Date        : 2019-11-11T15:36:52+1030
Description : Missed heartbeat for node 959062600. (DCPSPublication is complete)
Node        : DESKTOP-GKKAK62
Process     : java.exe <20396>
Thread      : OSPL Garbage Collector 8628
Internals   : 6.9.181127OSS/42c7cafa/42c7cafa/v_spliced/v_spliced.c/2062/769/1573448812.464158400/0
========================================================================================
Report      : INFO
Date        : 2019-11-11T15:36:52+1030
Description : Missed heartbeat for node 1000760694. (DCPSPublication is complete)
Node        : DESKTOP-GKKAK62
Process     : java.exe <10376>
Thread      : OSPL Garbage Collector 15792
Internals   : 6.9.181127OSS/42c7cafa/42c7cafa/v_spliced/v_spliced.c/2062/769/1573448812.483532400/0
